+++++++ WGTPM BINDING key BEGINS HERE +++++++++:
-----BEGIN PUBLIC KEY-----
MIIBIjANBgkqhkiG9w0BAQEFAAOCAQ8AMIIBCgKCAQEA1RV5hsnyMQQaH0RkNteu
NoEqa/sOOL15+PUtG7fYuFd6v0IzQLMGLlru5Od20xb1tEsKVtMatC0UMnz25xtp
RCsmvieWY2f69B3zDewzrO2O2exRl/hKmzRU3kmbep3kCdtdrQqOcrKc3A+U1A3e
nKIPjtLI22wP1W68JYL8gJEd5H0WsE/iP3owBp7yxDE6Dds1Q9XJ0k6MWdjiDCLp
4dwl0ECry0m7sG3P54icNGKzbSTE7Sz4mQYEiIQ3Dbv9Uve5tt8CVfWF796dBchN
NLPrjgI9f12+/TwebSC8tcRhqhagVK5MqDentgtrOlPgLefyxPtAECCspM7KvCqT
vwIDAQAB
-----END PUBLIC KEY-----
+++++++  WGTPM BINDING key ENDS HERE  +++++++++:
+++++++ WGTPM SIGNING key BEGINS HERE +++++++++:
-----BEGIN PUBLIC KEY-----
MIIBIjANBgkqhkiG9w0BAQEFAAOCAQ8AMIIBCgKCAQEAvf2m5Wkp7GLuFXs/yD5J
HSe9IHLe+CjWmfpeHtzPbjgMTma/u9hoCcuVP2dcCfblqNb3NC8MUrozxu81yGoN
BkSYdQ2tOVb5U79SoY1cq49rayxQYE7WrPNBFktM3bUSdvKmUklwS5wLlqqP1tPq
/g34QdtU5yXVfFq0tN6ttFk+wefMzXf0xGskQSiW9SiAwh3iNKamarxqc0s634kE
+o2QJYWiKz8apPJHtXj+LfIAAZngrV15+yKrn8+fboRo58DTXYXM/kjP26hLJMSZ
edCrT3BqIknDoGO7zhkM3Clh51DZjPBJaPoMJo1ZWM/+nu6DG2edxm1p8CEfKMjE
lwIDAQAB
-----END PUBLIC KEY-----
+++++++  WGTPM SIGNING key ENDS HERE  +++++++++:
